<?xml version="1.0" encoding="UTF-8"?>
<!-- Generated by org.testng.reporters.JUnitReportReporter -->
<testsuite hostname="LTIN309029" failures="0" tests="2" name="RestAPITests" time="3.830" errors="0" timestamp="2024-03-26T19:03:21 IST" skipped="0">
  <testcase classname="RestAPITests" name="verifyUser" time="3.352"/>
  <testcase classname="RestAPITests" name="createUser" time="0.478"/>
</testsuite> <!-- RestAPITests -->
